2020-04-19 17:04:686 INFO  BrowserSelector :22 - Chrome browser selected
2020-04-19 17:04:46 INFO  LoginPage :50 - verify welCometext : Welcome, Please Sign In!dispay on login page[[ChromeDriver: chrome on WINDOWS (f148a676f57665d2edcd5f08d2cd8423)] -> css selector: div.page-title]<br>
2020-04-19 17:04:89 INFO  BrowserSelector :22 - Chrome browser selected
2020-04-19 17:04:72 INFO  LoginPage :50 - verify welCometext : Welcome, Please Sign In!dispay on login page[[ChromeDriver: chrome on WINDOWS (b16a885f711c46e628f546363ff45d8a)] -> css selector: div.page-title]<br>
2020-04-21 13:04:37 INFO  BrowserSelector :22 - Chrome browser selected
2020-04-21 13:04:996 INFO  HomePage :31 - clicking On Login Link : [[ChromeDriver: chrome on WINDOWS (929a0f59ab8a8e209f2bf5cfb1b1b9d2)] -> css selector: a.ico-login]
2020-04-21 13:04:108 INFO  LoginPage :51 - Getting text from : [[ChromeDriver: chrome on WINDOWS (929a0f59ab8a8e209f2bf5cfb1b1b9d2)] -> css selector: div.page-title]
2020-04-21 14:04:693 INFO  BrowserSelector :22 - Chrome browser selected
2020-04-21 14:04:471 INFO  HomePage :38 - click On Register: [[ChromeDriver: chrome on WINDOWS (d0346b0e41b665be17f9c49f25cfec54)] -> xpath: //div[@class='header-links-wrapper']//a[contains(text(),'Register')]]
2020-04-21 14:04:506 INFO  RegisterPage :49 - Verify Personal Details :[[ChromeDriver: chrome on WINDOWS (d0346b0e41b665be17f9c49f25cfec54)] -> xpath: //div[@class='page-body']//strong[text()='Your Personal Details']]
2020-04-21 14:04:742 INFO  RegisterPage :58 - Click on Male Gender Redio Button [[ChromeDriver: chrome on WINDOWS (d0346b0e41b665be17f9c49f25cfec54)] -> xpath: //input[@id='gender-male']]
2020-04-21 14:04:843 INFO  RegisterPage :65 - clicking on Female Gender button : [[ChromeDriver: chrome on WINDOWS (d0346b0e41b665be17f9c49f25cfec54)] -> xpath: //input[@id='gender-female']]
2020-04-21 14:04:37 INFO  BrowserSelector :22 - Chrome browser selected
2020-04-21 14:04:126 INFO  HomePage :38 - click On Register: [[ChromeDriver: chrome on WINDOWS (03346fa861aa74c3404bbf3847b7d9cb)] -> xpath: //div[@class='header-links-wrapper']//a[contains(text(),'Register')]]
2020-04-21 14:04:148 INFO  RegisterPage :49 - Verify Personal Details :[[ChromeDriver: chrome on WINDOWS (03346fa861aa74c3404bbf3847b7d9cb)] -> xpath: //div[@class='page-body']//strong[text()='Your Personal Details']]
2020-04-21 14:04:314 INFO  RegisterPage :58 - Click on Male Gender Redio Button [[ChromeDriver: chrome on WINDOWS (03346fa861aa74c3404bbf3847b7d9cb)] -> xpath: //input[@id='gender-male']]
2020-04-21 14:04:411 INFO  RegisterPage :65 - clicking on Female Gender button : [[ChromeDriver: chrome on WINDOWS (03346fa861aa74c3404bbf3847b7d9cb)] -> xpath: //input[@id='gender-female']]
2020-04-21 14:04:574 INFO  BrowserSelector :22 - Chrome browser selected
2020-04-21 14:04:202 INFO  HomePage :38 - click On Register: [[ChromeDriver: chrome on WINDOWS (7048080990d74e7bdfe5f82b80fae40d)] -> xpath: //div[@class='header-links-wrapper']//a[contains(text(),'Register')]]
2020-04-21 14:04:235 INFO  RegisterPage :49 - Verify Personal Details :[[ChromeDriver: chrome on WINDOWS (7048080990d74e7bdfe5f82b80fae40d)] -> xpath: //div[@class='page-body']//strong[text()='Your Personal Details']]
2020-04-21 14:04:376 INFO  RegisterPage :58 - Click on Male Gender Redio Button [[ChromeDriver: chrome on WINDOWS (7048080990d74e7bdfe5f82b80fae40d)] -> xpath: //input[@id='gender-male']]
2020-04-21 14:04:504 INFO  RegisterPage :65 - clicking on Female Gender button : [[ChromeDriver: chrome on WINDOWS (7048080990d74e7bdfe5f82b80fae40d)] -> xpath: //input[@id='gender-female']]
2020-04-21 15:04:393 INFO  BrowserSelector :22 - Chrome browser selected
2020-04-21 15:04:55 INFO  HomePage :38 - click On Register: [[ChromeDriver: chrome on WINDOWS (286bb39e90937ef0bbdeb0ab3c46966d)] -> xpath: //div[@class='header-links-wrapper']//a[contains(text(),'Register')]]
2020-04-21 15:04:90 INFO  RegisterPage :49 - Verify Personal Details :[[ChromeDriver: chrome on WINDOWS (286bb39e90937ef0bbdeb0ab3c46966d)] -> xpath: //div[@class='page-body']//strong[text()='Your Personal Details']]
2020-04-21 15:04:275 INFO  RegisterPage :58 - Click on Male Gender Redio Button [[ChromeDriver: chrome on WINDOWS (286bb39e90937ef0bbdeb0ab3c46966d)] -> xpath: //input[@id='gender-male']]
2020-04-21 15:04:376 INFO  RegisterPage :65 - clicking on Female Gender button : [[ChromeDriver: chrome on WINDOWS (286bb39e90937ef0bbdeb0ab3c46966d)] -> xpath: //input[@id='gender-female']]
2020-04-21 15:04:94 INFO  BrowserSelector :22 - Chrome browser selected
2020-04-21 15:04:209 INFO  HomePage :31 - clicking On Login Link : [[ChromeDriver: chrome on WINDOWS (f18cdd3dcead55f7f7c196b318a6fc2c)] -> css selector: a.ico-login]
2020-04-21 15:04:241 INFO  LoginPage :51 - Getting text from : [[ChromeDriver: chrome on WINDOWS (f18cdd3dcead55f7f7c196b318a6fc2c)] -> css selector: div.page-title]
2020-04-21 15:04:993 INFO  BrowserSelector :22 - Chrome browser selected
2020-04-21 15:04:765 INFO  HomePage :38 - click On Register: [[ChromeDriver: chrome on WINDOWS (19d928b2790ab00d1cf3c2d1badd1019)] -> xpath: //div[@class='header-links-wrapper']//a[contains(text(),'Register')]]
2020-04-21 15:04:825 INFO  RegisterPage :50 - Verify Personal Details :[[ChromeDriver: chrome on WINDOWS (19d928b2790ab00d1cf3c2d1badd1019)] -> xpath: //div[@class='page-body']//strong[text()='Your Personal Details']]
2020-04-21 15:04:135 INFO  RegisterPage :60 - Click on Male Gender Redio Button [[ChromeDriver: chrome on WINDOWS (19d928b2790ab00d1cf3c2d1badd1019)] -> xpath: //input[@id='gender-male']]
2020-04-21 15:04:288 INFO  RegisterPage :67 - clicking on Female Gender button : [[ChromeDriver: chrome on WINDOWS (19d928b2790ab00d1cf3c2d1badd1019)] -> xpath: //input[@id='gender-female']]
2020-04-21 15:04:401 INFO  BrowserSelector :22 - Chrome browser selected
2020-04-21 15:04:917 INFO  HomePage :38 - click On Register: [[ChromeDriver: chrome on WINDOWS (09152f09cf4435edb760190ef377255f)] -> xpath: //div[@class='header-links-wrapper']//a[contains(text(),'Register')]]
2020-04-21 15:04:00 INFO  RegisterPage :51 - Verify Personal Details :[[ChromeDriver: chrome on WINDOWS (09152f09cf4435edb760190ef377255f)] -> xpath: //div[@class='page-body']//strong[text()='Your Personal Details']]
2020-04-21 15:04:191 INFO  RegisterPage :59 - Click on Male Gender Redio Button [[ChromeDriver: chrome on WINDOWS (09152f09cf4435edb760190ef377255f)] -> xpath: //input[@id='gender-male']]
2020-04-21 15:04:335 INFO  RegisterPage :66 - clicking on Female Gender button : [[ChromeDriver: chrome on WINDOWS (09152f09cf4435edb760190ef377255f)] -> xpath: //input[@id='gender-female']]
2020-04-21 15:04:626 INFO  BrowserSelector :22 - Chrome browser selected
2020-04-21 15:04:70 INFO  HomePage :38 - click On Register: [[ChromeDriver: chrome on WINDOWS (93df6abb37b4938f246f8a08db2259ae)] -> xpath: //div[@class='header-links-wrapper']//a[contains(text(),'Register')]]
2020-04-21 15:04:148 INFO  RegisterPage :51 - Verify Personal Details :[[ChromeDriver: chrome on WINDOWS (93df6abb37b4938f246f8a08db2259ae)] -> xpath: //div[@class='page-body']//strong[text()='Your Personal Details']]
2020-04-21 15:04:339 INFO  RegisterPage :59 - Click on Male Gender Redio Button [[ChromeDriver: chrome on WINDOWS (93df6abb37b4938f246f8a08db2259ae)] -> xpath: //input[@id='gender-male']]
2020-04-21 15:04:467 INFO  RegisterPage :66 - clicking on Female Gender button : [[ChromeDriver: chrome on WINDOWS (93df6abb37b4938f246f8a08db2259ae)] -> xpath: //input[@id='gender-female']]
2020-04-21 15:04:329 INFO  BrowserSelector :22 - Chrome browser selected
2020-04-21 15:04:133 INFO  HomePage :38 - click On Register: [[ChromeDriver: chrome on WINDOWS (3e44ab402b387691d1c2bcd310356f17)] -> xpath: //div[@class='header-links-wrapper']//a[contains(text(),'Register')]]
2020-04-21 15:04:209 INFO  RegisterPage :51 - Verify Personal Details :[[ChromeDriver: chrome on WINDOWS (3e44ab402b387691d1c2bcd310356f17)] -> xpath: //div[@class='page-body']//strong[text()='Your Personal Details']]
2020-04-21 15:04:394 INFO  RegisterPage :59 - Click on Male Gender Redio button [[ChromeDriver: chrome on WINDOWS (3e44ab402b387691d1c2bcd310356f17)] -> xpath: //input[@id='gender-male']]
2020-04-21 15:04:523 INFO  RegisterPage :66 - clicking on Female Gender button : [[ChromeDriver: chrome on WINDOWS (3e44ab402b387691d1c2bcd310356f17)] -> xpath: //input[@id='gender-female']]
2020-04-21 15:04:318 INFO  BrowserSelector :22 - Chrome browser selected
2020-04-21 15:04:119 INFO  HomePage :38 - click On Register: [[ChromeDriver: chrome on WINDOWS (3f3e9d5f1854c824f0c7b1b3f00c0346)] -> xpath: //div[@class='header-links-wrapper']//a[contains(text(),'Register')]]
2020-04-21 15:04:225 INFO  RegisterPage :51 - Verify Personal Details :[[ChromeDriver: chrome on WINDOWS (3f3e9d5f1854c824f0c7b1b3f00c0346)] -> xpath: //div[@class='page-body']//strong[text()='Your Personal Details']]
2020-04-21 15:04:403 INFO  RegisterPage :59 - Click on Male Gender Redio button [[ChromeDriver: chrome on WINDOWS (3f3e9d5f1854c824f0c7b1b3f00c0346)] -> xpath: //input[@id='gender-male']]
2020-04-21 15:04:523 INFO  RegisterPage :66 - clicking on Female Gender button : [[ChromeDriver: chrome on WINDOWS (3f3e9d5f1854c824f0c7b1b3f00c0346)] -> xpath: //input[@id='gender-female']]
2020-04-21 15:04:835 INFO  BrowserSelector :22 - Chrome browser selected
2020-04-21 15:04:187 INFO  HomePage :38 - click On Register: [[ChromeDriver: chrome on WINDOWS (894a136e4ab881bb4a35d965b9b0303a)] -> xpath: //div[@class='header-links-wrapper']//a[contains(text(),'Register')]]
2020-04-21 15:04:322 INFO  RegisterPage :51 - Verify Personal Details :[[ChromeDriver: chrome on WINDOWS (894a136e4ab881bb4a35d965b9b0303a)] -> xpath: //div[@class='page-body']//strong[text()='Your Personal Details']]
2020-04-21 15:04:607 INFO  RegisterPage :59 - Click on Male Gender Redio button [[ChromeDriver: chrome on WINDOWS (894a136e4ab881bb4a35d965b9b0303a)] -> xpath: //input[@id='gender-male']]
2020-04-21 15:04:738 INFO  RegisterPage :66 - clicking on Female Gender button : [[ChromeDriver: chrome on WINDOWS (894a136e4ab881bb4a35d965b9b0303a)] -> xpath: //input[@id='gender-female']]
2020-04-21 15:04:376 INFO  BrowserSelector :22 - Chrome browser selected
2020-04-21 15:04:28 INFO  HomePage :38 - click On Register: [[ChromeDriver: chrome on WINDOWS (b6aec28361455b4211bee17fc441aa17)] -> xpath: //div[@class='header-links-wrapper']//a[contains(text(),'Register')]]
2020-04-21 15:04:135 INFO  RegisterPage :51 - Verify Personal Details :[[ChromeDriver: chrome on WINDOWS (b6aec28361455b4211bee17fc441aa17)] -> xpath: //div[@class='page-body']//strong[text()='Your Personal Details']]
2020-04-21 15:04:397 INFO  RegisterPage :59 - Click on Male Gender Redio button [[ChromeDriver: chrome on WINDOWS (b6aec28361455b4211bee17fc441aa17)] -> xpath: //input[@id='gender-male']]
2020-04-21 15:04:580 INFO  RegisterPage :66 - clicking on Female Gender button : [[ChromeDriver: chrome on WINDOWS (b6aec28361455b4211bee17fc441aa17)] -> xpath: //input[@id='gender-female']]
2020-04-21 15:04:49 INFO  BrowserSelector :22 - Chrome browser selected
2020-04-21 15:04:126 INFO  HomePage :38 - click On Register: [[ChromeDriver: chrome on WINDOWS (f969a396ba4040e40541e9c51ed891c3)] -> xpath: //div[@class='header-links-wrapper']//a[contains(text(),'Register')]]
2020-04-21 15:04:569 INFO  RegisterPage :51 - Verify Personal Details :[[ChromeDriver: chrome on WINDOWS (f969a396ba4040e40541e9c51ed891c3)] -> xpath: //div[@class='page-body']//strong[text()='Your Personal Details']]
2020-04-21 15:04:796 INFO  RegisterPage :59 - Click on Male Gender Redio button [[ChromeDriver: chrome on WINDOWS (f969a396ba4040e40541e9c51ed891c3)] -> xpath: //input[@id='gender-male']]
2020-04-21 15:04:938 INFO  RegisterPage :66 - clicking on Female Gender button : [[ChromeDriver: chrome on WINDOWS (f969a396ba4040e40541e9c51ed891c3)] -> xpath: //input[@id='gender-female']]
2020-04-21 15:04:325 INFO  RegisterPage :74 - Enter your First Name Vinayto first name field : [[ChromeDriver: chrome on WINDOWS (f969a396ba4040e40541e9c51ed891c3)] -> xpath: //input[@id='FirstName']]
2020-04-21 15:04:506 INFO  RegisterPage :81 - Enter your LastName :Thakorto last name field : [[ChromeDriver: chrome on WINDOWS (f969a396ba4040e40541e9c51ed891c3)] -> xpath: //input[@id='LastName']]
2020-04-21 15:04:900 INFO  RegisterPage :88 - Select Day of Birth :1from the drop down list : [[ChromeDriver: chrome on WINDOWS (f969a396ba4040e40541e9c51ed891c3)] -> xpath: //select[@name='DateOfBirthDay']]
2020-04-21 15:04:154 INFO  RegisterPage :96 - Select Month of  Year :Januaryfrom the dropdown list : [[ChromeDriver: chrome on WINDOWS (f969a396ba4040e40541e9c51ed891c3)] -> xpath: //select[@name='DateOfBirthMonth']]
2020-04-21 15:04:380 INFO  RegisterPage :103 - Select Your of Birth1990year from drop down list[[ChromeDriver: chrome on WINDOWS (f969a396ba4040e40541e9c51ed891c3)] -> xpath: //select[@name='DateOfBirthYear']]
2020-04-21 15:04:663 INFO  RegisterPage :110 - Enter Emailabc123@gmail.comto email field[[ChromeDriver: chrome on WINDOWS (f969a396ba4040e40541e9c51ed891c3)] -> xpath: //input[@id='Email']]
2020-04-21 15:04:408 INFO  BrowserSelector :22 - Chrome browser selected
2020-04-21 15:04:464 INFO  HomePage :38 - click On Register: [[ChromeDriver: chrome on WINDOWS (28ec559a396748ca3bda883c6c37a099)] -> xpath: //div[@class='header-links-wrapper']//a[contains(text(),'Register')]]
2020-04-21 15:04:826 INFO  RegisterPage :51 - Verify Personal Details :[[ChromeDriver: chrome on WINDOWS (28ec559a396748ca3bda883c6c37a099)] -> xpath: //div[@class='page-body']//strong[text()='Your Personal Details']]
2020-04-21 15:04:483 INFO  RegisterPage :59 - Click on Male Gender Redio button [[ChromeDriver: chrome on WINDOWS (28ec559a396748ca3bda883c6c37a099)] -> xpath: //input[@id='gender-male']]
2020-04-21 15:04:622 INFO  RegisterPage :66 - clicking on Female Gender button : [[ChromeDriver: chrome on WINDOWS (28ec559a396748ca3bda883c6c37a099)] -> xpath: //input[@id='gender-female']]
2020-04-21 15:04:957 INFO  RegisterPage :74 - Enter your First Name Vinayto first name field : [[ChromeDriver: chrome on WINDOWS (28ec559a396748ca3bda883c6c37a099)] -> xpath: //input[@id='FirstName']]
2020-04-21 15:04:130 INFO  RegisterPage :81 - Enter your LastName :Thakorto last name field : [[ChromeDriver: chrome on WINDOWS (28ec559a396748ca3bda883c6c37a099)] -> xpath: //input[@id='LastName']]
2020-04-21 15:04:940 INFO  RegisterPage :88 - Select Day of Birth :1from the drop down list : [[ChromeDriver: chrome on WINDOWS (28ec559a396748ca3bda883c6c37a099)] -> xpath: //select[@name='DateOfBirthDay']]
2020-04-21 15:04:160 INFO  RegisterPage :96 - Select Month of  Year :Januaryfrom the dropdown list : [[ChromeDriver: chrome on WINDOWS (28ec559a396748ca3bda883c6c37a099)] -> xpath: //select[@name='DateOfBirthMonth']]
2020-04-21 15:04:368 INFO  RegisterPage :103 - Select Your of Birth1990year from drop down list[[ChromeDriver: chrome on WINDOWS (28ec559a396748ca3bda883c6c37a099)] -> xpath: //select[@name='DateOfBirthYear']]
2020-04-21 15:04:616 INFO  RegisterPage :110 - Enter Emailabc123@gmail.comto email field[[ChromeDriver: chrome on WINDOWS (28ec559a396748ca3bda883c6c37a099)] -> xpath: //input[@id='Email']]
2020-04-21 15:04:905 INFO  RegisterPage :117 - Enter Company Name :Prime Testingto company name field[[ChromeDriver: chrome on WINDOWS (28ec559a396748ca3bda883c6c37a099)] -> id: Company]
2020-04-21 15:04:188 INFO  RegisterPage :132 - Enter your password : abcd1234to password field[[ChromeDriver: chrome on WINDOWS (28ec559a396748ca3bda883c6c37a099)] -> xpath: //input[@id='Password']]
2020-04-21 15:04:366 INFO  RegisterPage :139 - Please conform your password : abcd1234to comform password field[[ChromeDriver: chrome on WINDOWS (28ec559a396748ca3bda883c6c37a099)] -> xpath: //input[@id='ConfirmPassword']]
2020-04-21 15:04:803 INFO  RegisterPage :146 - Click on register button --->[[ChromeDriver: chrome on WINDOWS (28ec559a396748ca3bda883c6c37a099)] -> xpath: //input[@id='register-button']]
2020-04-24 13:04:645 INFO       BrowserSelector :24 - Chrome browser selected
2020-04-24 13:04:63 INFO       HomePage :27 - clicking On Login Link : [[ChromeDriver: chrome on WINDOWS (4fadd53a5f9c5d4baab4947890e1746b)] -> css selector: a.ico-login]
2020-04-24 13:04:274 INFO       LoginPage :53 - Verify Text :Welcome, Please Sign In!is displayed on Login Page [[ChromeDriver: chrome on WINDOWS (4fadd53a5f9c5d4baab4947890e1746b)] -> css selector: div.page-title]
2020-04-24 13:04:297 INFO       BrowserSelector :24 - Chrome browser selected
2020-04-24 13:04:116 INFO       HomePage :34 - click On Register: [[ChromeDriver: chrome on WINDOWS (a8556cab525ddc63c591db9cd4fc60f2)] -> xpath: //div[@class='header-links-wrapper']//a[contains(text(),'Register')]]
2020-04-24 13:04:849 INFO       BrowserSelector :24 - Chrome browser selected
2020-04-24 13:04:981 INFO       HomePage :27 - clicking On Login Link : [[ChromeDriver: chrome on WINDOWS (f9bb0121dfdd6e9edb6a8126301b9e8e)] -> css selector: a.ico-login]
2020-04-24 13:04:88 INFO       LoginPage :54 -  Verify Text: Welcome, Please Sign In! is displayed on Login page [[ChromeDriver: chrome on WINDOWS (f9bb0121dfdd6e9edb6a8126301b9e8e)] -> xpath: //div[@class='page-title']//h1]
2020-04-24 13:04:461 INFO       BrowserSelector :24 - Chrome browser selected
2020-04-24 13:04:325 INFO       HomePage :34 - click On Register: [[ChromeDriver: chrome on WINDOWS (e04c688e449ed15f1fde794cb5d2ce92)] -> xpath: //div[@class='header-links-wrapper']//a[contains(text(),'Register')]]
2020-04-24 13:04:137 INFO       BrowserSelector :24 - Chrome browser selected
2020-04-24 13:04:145 INFO       HomePage :27 - clicking On Login Link : [[ChromeDriver: chrome on WINDOWS (6f765eaa7253aa9a12f94894ddb93f36)] -> css selector: a.ico-login]
2020-04-24 13:04:314 INFO       LoginPage :54 -  Verify Text: Welcome, Please Sign In! is displayed on Login page [[ChromeDriver: chrome on WINDOWS (6f765eaa7253aa9a12f94894ddb93f36)] -> xpath: //div[@class='page-title']//h1]
2020-04-24 13:04:326 INFO       BrowserSelector :24 - Chrome browser selected
2020-04-24 13:04:816 INFO       HomePage :34 - click On Register: [[ChromeDriver: chrome on WINDOWS (d77bc9db78035d71d45fc89d4cabe70a)] -> xpath: //div[@class='header-links-wrapper']//a[contains(text(),'Register')]]
2020-04-24 14:04:244 INFO       BrowserSelector :24 - Chrome browser selected
2020-04-24 14:04:120 INFO       HomePage :27 - clicking On Login Link : [[ChromeDriver: chrome on WINDOWS (18fcbae5ff1cab855ff2045165a42993)] -> css selector: a.ico-login]
2020-04-24 14:04:198 INFO       LoginPage :54 -  Verify Text: Welcome, Please Sign In! is displayed on Login page [[ChromeDriver: chrome on WINDOWS (18fcbae5ff1cab855ff2045165a42993)] -> xpath: //div[@class='page-title']//h1]
2020-04-24 14:04:12 INFO       BrowserSelector :24 - Chrome browser selected
2020-04-24 14:04:405 INFO       HomePage :34 - click On Register: [[ChromeDriver: chrome on WINDOWS (f380cb1b235afc1f8bd8eeab52de37b5)] -> xpath: //div[@class='header-links-wrapper']//a[contains(text(),'Register')]]
2020-04-24 14:04:208 INFO       BrowserSelector :24 - Chrome browser selected
2020-04-24 14:04:393 INFO       HomePage :27 - clicking On Login Link : [[ChromeDriver: chrome on WINDOWS (9de8f1d9ae3d8976cd090bff5565c0e3)] -> css selector: a.ico-login]
2020-04-24 14:04:464 INFO       LoginPage :54 -  Verify Text: Welcome, Please Sign In! is displayed on Login page [[ChromeDriver: chrome on WINDOWS (9de8f1d9ae3d8976cd090bff5565c0e3)] -> xpath: //div[@class='page-title']//h1]
2020-04-24 14:04:251 INFO       BrowserSelector :24 - Chrome browser selected
2020-04-24 14:04:388 INFO       HomePage :34 - click On Register: [[ChromeDriver: chrome on WINDOWS (9cd3cc29866aa3581511099ba411c50c)] -> xpath: //div[@class='header-links-wrapper']//a[contains(text(),'Register')]]
2020-04-24 14:04:706 INFO       BrowserSelector :24 - Chrome browser selected
2020-04-24 14:04:616 INFO       HomePage :27 - clicking On Login Link : [[ChromeDriver: chrome on WINDOWS (145de28d3b9936cb52f094a38640e080)] -> css selector: a.ico-login]
2020-04-24 14:04:772 INFO       LoginPage :54 -  Verify Text: Welcome, Please Sign In! is displayed on Login page [[ChromeDriver: chrome on WINDOWS (145de28d3b9936cb52f094a38640e080)] -> xpath: //div[@class='page-title']//h1]
2020-04-24 14:04:239 INFO       BrowserSelector :24 - Chrome browser selected
2020-04-24 14:04:506 INFO       HomePage :34 - click On Register: [[ChromeDriver: chrome on WINDOWS (25b455612b2ed05ceea7dc00248b621e)] -> xpath: //div[@class='header-links-wrapper']//a[contains(text(),'Register')]]
2020-04-24 15:04:397 INFO       BrowserSelector :24 - Chrome browser selected
2020-04-24 15:04:527 INFO       HomePage :26 - Clicking on login link: [[ChromeDriver: chrome on WINDOWS (236e405fcf795a05b99f07f7a64e9c08)] -> css selector: a.ico-login]
2020-04-24 15:04:686 INFO       LoginPage :54 -  Verify Text: Welcome, Please Sign In! is displayed on Login page [[ChromeDriver: chrome on WINDOWS (236e405fcf795a05b99f07f7a64e9c08)] -> xpath: //div[@class='page-title']//h1]
2020-04-24 15:04:146 INFO       BrowserSelector :24 - Chrome browser selected
2020-04-24 15:04:502 INFO       HomePage :26 - Clicking on login link: [[ChromeDriver: chrome on WINDOWS (1a8b0ca9d6192504076f1ea0eda496d0)] -> css selector: a.ico-login]
2020-04-24 15:04:128 INFO       LoginPage :33 -  Enter email: xyz13@gmail.com to email filed [[ChromeDriver: chrome on WINDOWS (1a8b0ca9d6192504076f1ea0eda496d0)] -> css selector: input#Email]
2020-04-24 15:04:452 INFO       LoginPage :40 -  Enter password: abc123 to password field [[ChromeDriver: chrome on WINDOWS (1a8b0ca9d6192504076f1ea0eda496d0)] -> css selector: input#Password]
2020-04-24 15:04:908 INFO       LoginPage :48 -  Click on Login button: Proxy element for: DefaultElementLocator 'By.xpath: //input[@class='button-1 login-button']'
2020-04-24 15:04:33 INFO       AccountPage :26 - Verify text: My account is displayed on the Account Page [[ChromeDriver: chrome on WINDOWS (1a8b0ca9d6192504076f1ea0eda496d0)] -> css selector: a.ico-account]
2020-04-24 15:04:415 INFO       BrowserSelector :24 - Chrome browser selected
2020-04-24 15:04:118 INFO       HomePage :26 - Clicking on login link: [[ChromeDriver: chrome on WINDOWS (8dee63466bb8a3b7b7296a77fde2eec9)] -> css selector: a.ico-login]
2020-04-24 15:04:726 INFO       LoginPage :33 -  Enter email: abc@gmail.com to email filed [[ChromeDriver: chrome on WINDOWS (8dee63466bb8a3b7b7296a77fde2eec9)] -> css selector: input#Email]
2020-04-24 15:04:76 INFO       LoginPage :40 -  Enter password: abc123 to password field [[ChromeDriver: chrome on WINDOWS (8dee63466bb8a3b7b7296a77fde2eec9)] -> css selector: input#Password]
2020-04-24 15:04:702 INFO       LoginPage :48 -  Click on Login button: [[ChromeDriver: chrome on WINDOWS (8dee63466bb8a3b7b7296a77fde2eec9)] -> xpath: //input[@class='button-1 login-button']]
2020-04-24 15:04:820 INFO       BrowserSelector :24 - Chrome browser selected
2020-04-24 15:04:862 INFO       HomePage :32 - Clicking on register link: [[ChromeDriver: chrome on WINDOWS (6b65e79a42e1911c6c74655779c37b62)] -> xpath: //a[@class='ico-register']]
2020-04-24 15:04:650 INFO       BrowserSelector :24 - Chrome browser selected
2020-04-24 15:04:72 INFO       HomePage :26 - Clicking on login link: [[ChromeDriver: chrome on WINDOWS (0f7e9e4544b2a1f7d4ab3e0c4c6a3c6c)] -> css selector: a.ico-login]
2020-04-24 15:04:262 INFO       LoginPage :54 -  Verify Text: Welcome, Please Sign In! is displayed on Login page [[ChromeDriver: chrome on WINDOWS (0f7e9e4544b2a1f7d4ab3e0c4c6a3c6c)] -> xpath: //div[@class='page-title']//h1]
2020-04-24 15:04:25 INFO       BrowserSelector :24 - Chrome browser selected
2020-04-24 15:04:874 INFO       HomePage :26 - Clicking on login link: [[ChromeDriver: chrome on WINDOWS (696a101dc29c22e8c8db33dce716a70a)] -> css selector: a.ico-login]
2020-04-24 15:04:716 INFO       LoginPage :33 -  Enter email: xyz13@gmail.com to email filed [[ChromeDriver: chrome on WINDOWS (696a101dc29c22e8c8db33dce716a70a)] -> css selector: input#Email]
2020-04-24 15:04:183 INFO       LoginPage :40 -  Enter password: abc123 to password field [[ChromeDriver: chrome on WINDOWS (696a101dc29c22e8c8db33dce716a70a)] -> css selector: input#Password]
2020-04-24 15:04:323 INFO       LoginPage :48 -  Click on Login button: Proxy element for: DefaultElementLocator 'By.xpath: //input[@class='button-1 login-button']'
2020-04-24 15:04:494 INFO       AccountPage :26 - Verify text: My account is displayed on the Account Page [[ChromeDriver: chrome on WINDOWS (696a101dc29c22e8c8db33dce716a70a)] -> css selector: a.ico-account]
2020-04-24 15:04:720 INFO       BrowserSelector :24 - Chrome browser selected
2020-04-24 15:04:633 INFO       HomePage :26 - Clicking on login link: [[ChromeDriver: chrome on WINDOWS (132693dff2c49d522773c1de519e313e)] -> css selector: a.ico-login]
2020-04-24 15:04:95 INFO       LoginPage :33 -  Enter email: abc@gmail.com to email filed [[ChromeDriver: chrome on WINDOWS (132693dff2c49d522773c1de519e313e)] -> css selector: input#Email]
2020-04-24 15:04:500 INFO       LoginPage :40 -  Enter password: abc123 to password field [[ChromeDriver: chrome on WINDOWS (132693dff2c49d522773c1de519e313e)] -> css selector: input#Password]
2020-04-24 15:04:134 INFO       LoginPage :48 -  Click on Login button: [[ChromeDriver: chrome on WINDOWS (132693dff2c49d522773c1de519e313e)] -> xpath: //input[@class='button-1 login-button']]
2020-04-24 15:04:295 INFO       BrowserSelector :24 - Chrome browser selected
2020-04-24 15:04:248 INFO       HomePage :32 - Clicking on register link: [[ChromeDriver: chrome on WINDOWS (5de13aee0f3f5d511c6c3b9f1a527bda)] -> xpath: //a[@class='ico-register']]
2020-04-24 15:04:779 INFO       BrowserSelector :24 - Chrome browser selected
2020-04-24 15:04:475 INFO       HomePage :32 - Clicking on register link: [[ChromeDriver: chrome on WINDOWS (4e4f3d18859fcfe0acf8ce548f3fae2f)] -> xpath: //a[@class='ico-register']]
2020-04-24 15:04:603 INFO       RegisterPage :61 -  Verify Text: Your Personal Details is displayed on the Registeration Page[[ChromeDriver: chrome on WINDOWS (4e4f3d18859fcfe0acf8ce548f3fae2f)] -> xpath: //div[@class='page-body']//strong[text()='Your Personal Details']]
2020-04-24 15:04:598 INFO       BrowserSelector :24 - Chrome browser selected
2020-04-24 15:04:884 INFO       HomePage :26 - Clicking on login link: [[ChromeDriver: chrome on WINDOWS (48449a2c1cea41904e5f2d4d187a5a01)] -> css selector: a.ico-login]
2020-04-24 15:04:198 INFO       BrowserSelector :24 - Chrome browser selected
2020-04-24 15:04:81 INFO       HomePage :32 - Clicking on register link: [[ChromeDriver: chrome on WINDOWS (3a13fc8219c32932d18ce71d64cb423e)] -> xpath: //a[@class='ico-register']]
2020-04-24 15:04:636 INFO       RegisterPage :68 -  Select Gender Male [[ChromeDriver: chrome on WINDOWS (3a13fc8219c32932d18ce71d64cb423e)] -> xpath: //input[@id='gender-male']]
2020-04-24 15:04:532 INFO       RegisterPage :82 -  Send text: Prime to First Name field [[ChromeDriver: chrome on WINDOWS (3a13fc8219c32932d18ce71d64cb423e)] -> xpath: //input[@id='FirstName']]
2020-04-24 15:04:845 INFO       RegisterPage :89 -  Send text: Testing to Last Name field [[ChromeDriver: chrome on WINDOWS (3a13fc8219c32932d18ce71d64cb423e)] -> xpath: //input[@id='LastName']]
2020-04-24 15:04:722 INFO       RegisterPage :96 -  Select date of DOB from the drop down menu: [[ChromeDriver: chrome on WINDOWS (3a13fc8219c32932d18ce71d64cb423e)] -> xpath: //select[@name='DateOfBirthDay']]
2020-04-24 15:04:980 INFO       RegisterPage :103 -  Select month of DOB from the drop down menu:[[ChromeDriver: chrome on WINDOWS (3a13fc8219c32932d18ce71d64cb423e)] -> xpath: //select[@name='DateOfBirthMonth']]
2020-04-24 15:04:263 INFO       RegisterPage :110 -  Select year of DOB from drop down menu:[[ChromeDriver: chrome on WINDOWS (3a13fc8219c32932d18ce71d64cb423e)] -> xpath: //select[@name='DateOfBirthYear']]
2020-04-24 15:04:278 INFO       RegisterPage :117 -  Send text: xyzoj@gmail.com to email field [[ChromeDriver: chrome on WINDOWS (3a13fc8219c32932d18ce71d64cb423e)] -> xpath: //input[@id='Email']]
2020-04-24 15:04:537 INFO       RegisterPage :124 -  Send text: Square1 to company name field [[ChromeDriver: chrome on WINDOWS (3a13fc8219c32932d18ce71d64cb423e)] -> xpath: //input[@id='Company']]
2020-04-24 15:04:662 INFO       RegisterPage :131 -  Check if newsletter checkbox ticked [[ChromeDriver: chrome on WINDOWS (3a13fc8219c32932d18ce71d64cb423e)] -> css selector: input#Newsletter]
2020-04-24 15:04:104 INFO       RegisterPage :138 -  Send text: abc123 to password field [[ChromeDriver: chrome on WINDOWS (3a13fc8219c32932d18ce71d64cb423e)] -> xpath: //input[@id='Password']]
2020-04-24 15:04:322 INFO       RegisterPage :145 -  Send text: abc123 to confirm password field [[ChromeDriver: chrome on WINDOWS (3a13fc8219c32932d18ce71d64cb423e)] -> xpath: //input[@id='ConfirmPassword']]
2020-04-24 15:04:293 INFO       RegisterPage :152 -  Click on Register button Proxy element for: DefaultElementLocator 'By.xpath: //input[@id='register-button']'
2020-04-24 15:04:481 INFO       RegistrationCompletePage :19 -  Verify text: Your registration completed is displayed on registration completion [[ChromeDriver: chrome on WINDOWS (3a13fc8219c32932d18ce71d64cb423e)] -> xpath: //div[@class='master-wrapper-content']//div[text()='Your registration completed']]
